
> icare-admin-console@1.0.0 dev
> next dev -p 3000

  ▲ Next.js 14.2.35
  - Local:        http://localhost:3000
  - Environments: .env.local

 ✓ Starting...
 ✓ Ready in 1051ms
   Reload env: .env.local
 ✓ Compiled /middleware in 80ms (123 modules)
 ○ Compiling / ...
 ✓ Compiled / in 1403ms (2062 modules)
 ✓ Compiled /api/auth/github/install in 197ms (1094 modules)
 GET /api/auth/github/install 307 in 233ms
 ✓ Compiled /api/auth/github/callback in 174ms (1134 modules)
 GET /api/auth/github/callback?error=access_denied&error_description=The+user+has+denied+your+application+access.&error_uri=https%3A%2F%2Fdocs.github.com%2Fapps%2Fmanaging-oauth-apps%2Ftroubleshooting-authorization-request-errors%2F%23access-denied 307 in 209ms
 GET /?error=access_denied 200 in 130ms
 ⚠ Cross origin request detected from aperiodically-preinventive-ella.ngrok-free.dev to /_next/* resource. In a future major version of Next.js, you will need to explicitly configure "allowedDevOrigins" in next.config to allow this.
Read more: https://nextjs.org/docs/app/api-reference/config/next-config-js/allowedDevOrigins
 ✓ Compiled /api/users in 111ms (1136 modules)
 GET /api/users 200 in 1622ms
 GET /api/users 200 in 8ms
 ✓ Compiled /api/slack/status in 154ms (1132 modules)
 GET /api/slack/status 200 in 176ms
 GET /api/slack/status 200 in 7ms
 ✓ Compiled /api/github/status in 72ms (1134 modules)
 GET /api/github/status 200 in 519ms
 GET /api/github/status 200 in 255ms
 ✓ Compiled /api/auth/github/install in 83ms (1136 modules)
 GET /api/auth/github/install 307 in 94ms
 GET /?error=access_denied 200 in 163ms
 GET /api/slack/status 200 in 13ms
 GET /api/slack/status 200 in 9ms
 GET /api/github/status 200 in 369ms
 GET /api/github/status 200 in 218ms
 GET /api/auth/github/install 307 in 8ms
 GET /?error=access_denied 200 in 27ms
 GET /api/slack/status 200 in 10ms
 GET /api/slack/status 200 in 13ms
 GET /api/github/status 200 in 524ms
 GET /api/github/status 200 in 352ms
 GET /api/auth/github/install 307 in 3ms
 ✓ Compiled /api/auth/github/callback in 138ms (1132 modules)
 GET /api/auth/github/callback?code=5aa34792ad05218251d5 307 in 2574ms
 GET /?connected=true&app=github 200 in 44ms
 ✓ Compiled /api/users in 119ms (1134 modules)
 GET /api/users 200 in 368ms
 GET /api/users 200 in 10ms
 ✓ Compiled /api/slack/status in 64ms (1136 modules)
 GET /api/slack/status 200 in 80ms
 GET /api/slack/status 200 in 6ms
 ✓ Compiled /api/github/status in 73ms (1138 modules)
 GET /api/github/status 200 in 313ms
 GET /api/github/status 200 in 211ms
 ✓ Compiled in 731ms (1012 modules)
 ✓ Compiled in 327ms (2076 modules)
 ✓ Compiled /api/auth/github/install in 156ms (1094 modules)
 GET /api/auth/github/install 307 in 203ms
 ✓ Compiled in 214ms (1012 modules)
 ✓ Compiled in 292ms (2076 modules)
 GET / 200 in 163ms
 ✓ Compiled /api/users in 122ms (1132 modules)
 GET /api/users 200 in 1537ms
 GET /api/users 200 in 8ms
 ✓ Compiled /api/slack/status in 125ms (1134 modules)
 GET /api/slack/status 200 in 146ms
 GET /api/slack/status 200 in 6ms
 ✓ Compiled /api/github/status in 85ms (1136 modules)
 GET /api/github/status 200 in 497ms
 GET /api/github/status 200 in 397ms
 ✓ Compiled /api/auth/github/install in 104ms (1138 modules)
 GET /api/auth/github/install 307 in 115ms
 GET /api/auth/github/install 307 in 12ms
 GET / 200 in 128ms
 GET /?error=access_denied 200 in 28ms
 GET /api/slack/status 200 in 15ms
 GET /api/slack/status 200 in 10ms
 GET /api/github/status 200 in 730ms
 GET /api/github/status 200 in 254ms
 GET /api/auth/github/install 307 in 7ms
 GET /api/auth/github/install 307 in 11ms
 GET /api/auth/github/install 307 in 11ms
 ✓ Compiled /api/auth/github/callback in 150ms (1134 modules)
 GET /api/auth/github/callback?code=d3a295da7cc7798b7847&installation_id=110506555&setup_action=install 200 in 2852ms
 ✓ Compiled /api/slack/status in 64ms (1136 modules)
 GET /api/slack/status 200 in 78ms
 ✓ Compiled /api/github/status in 48ms (1138 modules)
 GET /api/github/status 200 in 274ms
 ✓ Compiled /_not-found in 324ms (2139 modules)
 GET /_next/static/chunks/app/(dashboard)/LayoutGroupContext.mjs.map 404 in 358ms
 GET /api/auth/github/install 307 in 16ms
 GET /?error=access_denied 200 in 123ms
 GET /_next/static/chunks/app/(dashboard)/LayoutGroupContext.mjs.map 404 in 22ms
 ✓ Compiled /api/users in 160ms (1135 modules)
 GET /api/users 200 in 597ms
 GET /api/users 200 in 8ms
 ✓ Compiled /api/slack/status in 51ms (1137 modules)
 GET /api/slack/status 200 in 69ms
 GET /api/slack/status 200 in 5ms
 ✓ Compiled /api/github/status in 47ms (1139 modules)
 GET /api/github/status 200 in 256ms
 GET /api/github/status 200 in 209ms
 GET /api/auth/github/install 307 in 12ms
 ✓ Compiled /api/auth/github/callback in 95ms (1141 modules)
 GET /api/auth/github/callback?code=dcde395b1bbbf279930d&installation_id=110507105&setup_action=install 200 in 2271ms
 GET /api/slack/status 200 in 12ms
 GET /api/github/status 200 in 299ms
 GET /api/auth/github/install 307 in 13ms
 GET /api/auth/github/install 307 in 14ms
 GET /api/auth/github/callback?code=3d2361c7123417123935&installation_id=110507654&setup_action=install 200 in 2084ms
 GET /api/slack/status 200 in 9ms
 GET /api/github/status 200 in 227ms
 ✓ Compiled /api/slack/channels in 306ms (1291 modules)
 GET /api/slack/channels 200 in 713ms
 ✓ Compiled in 373ms (2076 modules)
 ✓ Compiled in 200ms (2076 modules)
 ✓ Compiled in 208ms (1012 modules)
 ✓ Compiled in 274ms (2199 modules)
 ✓ Compiled in 304ms (2076 modules)
 ⚠ Fast Refresh had to perform a full reload due to a runtime error.
 GET /?error=access_denied 200 in 134ms
 ✓ Compiled in 254ms (2076 modules)
 ✓ Compiled /api/users in 235ms (2065 modules)
 ✓ Compiled (2133 modules)
 GET /_next/static/chunks/app/(dashboard)/LayoutGroupContext.mjs.map 404 in 478ms
 GET /api/users 200 in 1630ms
 GET /api/users 200 in 4ms
 ✓ Compiled /api/slack/status in 169ms (1135 modules)
 GET /api/slack/status 200 in 197ms
 GET /api/slack/status 200 in 10ms
 ✓ Compiled /api/github/status in 52ms (1137 modules)
 GET /api/github/status 200 in 64ms
 GET /api/github/status 200 in 4ms
 ✓ Compiled in 393ms (2076 modules)
 ⚠ Fast Refresh had to perform a full reload due to a runtime error.
 GET /?error=access_denied 200 in 164ms
 ✓ Compiled /api/users in 105ms (2133 modules)
 GET /_next/static/chunks/app/(dashboard)/LayoutGroupContext.mjs.map 404 in 214ms
 GET /api/users 200 in 793ms
 GET /api/users 200 in 13ms
 ✓ Compiled /api/slack/status in 86ms (1135 modules)
 GET /api/slack/status 200 in 116ms
 GET /api/slack/status 200 in 10ms
 ✓ Compiled /api/github/status in 105ms (1137 modules)
 GET /api/github/status 200 in 128ms
 GET /api/github/status 200 in 5ms
 ✓ Compiled /api/github/repositories in 82ms (1139 modules)
 GET /api/github/repositories 200 in 787ms
 GET /api/github/repositories 200 in 17ms
 ✓ Compiled /api/user/passport-status in 177ms (1137 modules)
 GET /api/user/passport-status?userId=4cf8db21-2e1e-4c22-9055-d586b7fed310&t=1771260233446 200 in 236ms
 GET /api/user/passport-status?userId=4cf8db21-2e1e-4c22-9055-d586b7fed310&t=1771260233447 200 in 236ms
 ✓ Compiled in 223ms (1012 modules)
 ✓ Compiled in 213ms (2199 modules)
 ✓ Compiled in 97ms (1012 modules)
 ✓ Compiled in 101ms (1012 modules)
 ✓ Compiled in 88ms (1012 modules)
 ✓ Compiled in 263ms (2076 modules)
 ✓ Compiled in 222ms (2076 modules)
 ✓ Compiled /api/slack/status in 153ms (1132 modules)
 GET /api/slack/status 200 in 218ms
 GET /api/slack/status 200 in 9ms
 ✓ Compiled /api/github/status in 55ms (1134 modules)
 GET /api/github/status 200 in 78ms
 GET /api/github/status 200 in 6ms
 ✓ Compiled /api/user/passport-status in 110ms (1141 modules)
 GET /api/user/passport-status?userId=4cf8db21-2e1e-4c22-9055-d586b7fed310&t=1771265342306 200 in 1539ms
 GET /api/user/passport-status?userId=4cf8db21-2e1e-4c22-9055-d586b7fed310&t=1771265342305 200 in 1542ms
[?25h
